[debug] [2024-08-13T22:42:35.899Z] ----------------------------------------------------------------------
[debug] [2024-08-13T22:42:35.901Z] Command:       C:\Program Files\nodejs\node.exe C:\Program Files\nodejs\node_modules\firebase-tools\lib\bin\firebase.js init
[debug] [2024-08-13T22:42:35.901Z] CLI Version:   13.15.1
[debug] [2024-08-13T22:42:35.901Z] Platform:      win32
[debug] [2024-08-13T22:42:35.901Z] Node Version:  v18.18.2
[debug] [2024-08-13T22:42:35.902Z] Time:          Tue Aug 13 2024 15:42:35 GMT-0700 (Pacific Daylight Time)
[debug] [2024-08-13T22:42:35.902Z] ----------------------------------------------------------------------
[debug] 
[debug] [2024-08-13T22:42:35.966Z] > command requires scopes: ["email","openid","https://www.googleapis.com/auth/cloudplatformprojects.readonly","https://www.googleapis.com/auth/firebase","https://www.googleapis.com/auth/cloud-platform"]
[debug] [2024-08-13T22:42:35.967Z] > authorizing via signed-in user (irfana.27@gmail.com)
[info] 
     ######## #### ########  ######## ########     ###     ######  ########
     ##        ##  ##     ## ##       ##     ##  ##   ##  ##       ##
     ######    ##  ########  ######   ########  #########  ######  ######
     ##        ##  ##    ##  ##       ##     ## ##     ##       ## ##
     ##       #### ##     ## ######## ########  ##     ##  ######  ########

You're about to initialize a Firebase project in this directory:

  C:\Users\irfan\visual studio code\resume projects\netflix\netflix-clone

Before we get started, keep in mind:

  * You are initializing within an existing Firebase project directory

[info] 
=== Project Setup
[info] 
[info] First, let's associate this project directory with a Firebase project.
[info] You can create multiple project aliases by running firebase use --add, 
[info] but for now we'll just set up a default project.
[info] 
[debug] [2024-08-13T22:43:30.761Z] Using project from CLI flag: netflix-clone-build-a9cdf
[debug] [2024-08-13T22:43:30.763Z] > refreshing access token with scopes: []
[debug] [2024-08-13T22:43:30.765Z] >>> [apiv2][query] POST https://www.googleapis.com/oauth2/v3/token [none]
[debug] [2024-08-13T22:43:30.766Z] >>> [apiv2][body] POST https://www.googleapis.com/oauth2/v3/token [omitted]
[debug] [2024-08-13T22:43:31.682Z] <<< [apiv2][status] POST https://www.googleapis.com/oauth2/v3/token 400
[debug] [2024-08-13T22:43:31.682Z] <<< [apiv2][body] POST https://www.googleapis.com/oauth2/v3/token [omitted]
[debug] [2024-08-13T22:43:31.683Z] >>> [apiv2][query] GET https://firebase.googleapis.com/v1beta1/projects/netflix-clone-build-a9cdf [none]
[debug] [2024-08-13T22:43:31.978Z] <<< [apiv2][status] GET https://firebase.googleapis.com/v1beta1/projects/netflix-clone-build-a9cdf 401
[debug] [2024-08-13T22:43:31.978Z] <<< [apiv2][body] GET https://firebase.googleapis.com/v1beta1/projects/netflix-clone-build-a9cdf {"error":{"code":401,"message":"Request had invalid authentication credentials. Expected OAuth 2 access token, login cookie or other valid authentication credential. See https://developers.google.com/identity/sign-in/web/devconsole-project.","status":"UNAUTHENTICATED"}}
[debug] [2024-08-13T22:43:31.979Z] HTTP Error: 401, Request had invalid authentication credentials. Expected OAuth 2 access token, login cookie or other valid authentication credential. See https://developers.google.com/identity/sign-in/web/devconsole-project.
[debug] [2024-08-13T22:43:33.032Z] FirebaseError: HTTP Error: 401, Request had invalid authentication credentials. Expected OAuth 2 access token, login cookie or other valid authentication credential. See https://developers.google.com/identity/sign-in/web/devconsole-project.
    at responseToError (C:\Users\irfan\AppData\Roaming\nvm\v18.18.2\node_modules\firebase-tools\lib\responseToError.js:49:12)
    at RetryOperation._fn (C:\Users\irfan\AppData\Roaming\nvm\v18.18.2\node_modules\firebase-tools\lib\apiv2.js:305:77)
    at process.processTicksAndRejections (node:internal/process/task_queues:95:5)
[error] 
[error] Error: Failed to get Firebase project netflix-clone-build-a9cdf. Please make sure the project exists and your account has permission to access it.
[debug] [2024-08-13T22:48:17.514Z] ----------------------------------------------------------------------
[debug] [2024-08-13T22:48:17.517Z] Command:       C:\Program Files\nodejs\node.exe C:\Program Files\nodejs\node_modules\firebase-tools\lib\bin\firebase.js init
[debug] [2024-08-13T22:48:17.518Z] CLI Version:   13.15.1
[debug] [2024-08-13T22:48:17.518Z] Platform:      win32
[debug] [2024-08-13T22:48:17.518Z] Node Version:  v18.18.2
[debug] [2024-08-13T22:48:17.525Z] Time:          Tue Aug 13 2024 15:48:17 GMT-0700 (Pacific Daylight Time)
[debug] [2024-08-13T22:48:17.526Z] ----------------------------------------------------------------------
[debug] 
[debug] [2024-08-13T22:48:17.611Z] > command requires scopes: ["email","openid","https://www.googleapis.com/auth/cloudplatformprojects.readonly","https://www.googleapis.com/auth/firebase","https://www.googleapis.com/auth/cloud-platform"]
[debug] [2024-08-13T22:48:17.612Z] > authorizing via signed-in user (irfana.27@gmail.com)
[info] 
     ######## #### ########  ######## ########     ###     ######  ########
     ##        ##  ##     ## ##       ##     ##  ##   ##  ##       ##
     ######    ##  ########  ######   ########  #########  ######  ######
     ##        ##  ##    ##  ##       ##     ## ##     ##       ## ##
     ##       #### ##     ## ######## ########  ##     ##  ######  ########

You're about to initialize a Firebase project in this directory:

  C:\Users\irfan\visual studio code\resume projects\netflix\netflix-clone

Before we get started, keep in mind:

  * You are initializing within an existing Firebase project directory

[info] 
=== Project Setup
[info] 
[info] First, let's associate this project directory with a Firebase project.
[info] You can create multiple project aliases by running firebase use --add, 
[info] but for now we'll just set up a default project.
[info] 
[debug] [2024-08-13T22:48:23.019Z] Using project from CLI flag: netflix-e2a53
[debug] [2024-08-13T22:48:23.021Z] > refreshing access token with scopes: []
[debug] [2024-08-13T22:48:23.023Z] >>> [apiv2][query] POST https://www.googleapis.com/oauth2/v3/token [none]
[debug] [2024-08-13T22:48:23.023Z] >>> [apiv2][body] POST https://www.googleapis.com/oauth2/v3/token [omitted]
[debug] [2024-08-13T22:48:24.761Z] <<< [apiv2][status] POST https://www.googleapis.com/oauth2/v3/token 400
[debug] [2024-08-13T22:48:24.762Z] <<< [apiv2][body] POST https://www.googleapis.com/oauth2/v3/token [omitted]
[debug] [2024-08-13T22:48:24.763Z] >>> [apiv2][query] GET https://firebase.googleapis.com/v1beta1/projects/netflix-e2a53 [none]
[debug] [2024-08-13T22:48:25.401Z] <<< [apiv2][status] GET https://firebase.googleapis.com/v1beta1/projects/netflix-e2a53 401
[debug] [2024-08-13T22:48:25.402Z] <<< [apiv2][body] GET https://firebase.googleapis.com/v1beta1/projects/netflix-e2a53 {"error":{"code":401,"message":"Request had invalid authentication credentials. Expected OAuth 2 access token, login cookie or other valid authentication credential. See https://developers.google.com/identity/sign-in/web/devconsole-project.","status":"UNAUTHENTICATED"}}
[debug] [2024-08-13T22:48:25.403Z] HTTP Error: 401, Request had invalid authentication credentials. Expected OAuth 2 access token, login cookie or other valid authentication credential. See https://developers.google.com/identity/sign-in/web/devconsole-project.
[debug] [2024-08-13T22:48:25.506Z] FirebaseError: HTTP Error: 401, Request had invalid authentication credentials. Expected OAuth 2 access token, login cookie or other valid authentication credential. See https://developers.google.com/identity/sign-in/web/devconsole-project.
    at responseToError (C:\Users\irfan\AppData\Roaming\nvm\v18.18.2\node_modules\firebase-tools\lib\responseToError.js:49:12)
    at RetryOperation._fn (C:\Users\irfan\AppData\Roaming\nvm\v18.18.2\node_modules\firebase-tools\lib\apiv2.js:305:77)
    at process.processTicksAndRejections (node:internal/process/task_queues:95:5)
[error] 
[error] Error: Failed to get Firebase project netflix-e2a53. Please make sure the project exists and your account has permission to access it.
